        -:    0:Source:2048_test_cases.c
        -:    0:Graph:2048_test_cases.gcno
        -:    0:Data:2048_test_cases.gcda
        -:    0:Runs:1
        -:    0:Programs:1
        -:    1:#include <stdio.h>
        -:    2:#include <assert.h>
        -:    3:
        -:    4:#define GRID_SIZE 4
        -:    5:
        -:    6:int grid[GRID_SIZE][GRID_SIZE];
        -:    7:
        -:    8:// Function to print the grid
        4:    9:void printGrid() {
       20:   10:    for (int i = 0; i < GRID_SIZE; i++) {
       80:   11:        for (int j = 0; j < GRID_SIZE; j++) {
       64:   12:            printf("%4d", grid[i][j]);
       64:   13:        }
       16:   14:        printf("\n");
       16:   15:    }
        4:   16:    printf("\n");
        4:   17:}
        -:   18:
        -:   19:// Function to copy a test grid into the global grid
        2:   20:void copyGrid(int source[GRID_SIZE][GRID_SIZE]) {
       10:   21:    for (int i = 0; i < GRID_SIZE; i++) {
       40:   22:        for (int j = 0; j < GRID_SIZE; j++) {
       32:   23:            grid[i][j] = source[i][j];
       32:   24:        }
        8:   25:    }
        2:   26:}
        -:   27:
        -:   28:// Updated combineLeft function
        1:   29:void combineLeft() {
        5:   30:    for (int i = 0; i < GRID_SIZE; i++) {
        4:   31:        int insertPosition = 0; // Position to insert the next valid tile
       20:   32:        for (int j = 0; j < GRID_SIZE; j++) {
       16:   33:            if (grid[i][j] != 0) {
        9:   34:                if (insertPosition > 0 && grid[i][insertPosition - 1] == grid[i][j]) {
        -:   35:                    // Combine with the previous tile
        4:   36:                    grid[i][insertPosition - 1] *= 2;
        4:   37:                    grid[i][j] = 0;
        4:   38:                } else {
        -:   39:                    // Move the tile to the insert position
        5:   40:                    if (insertPosition != j) {
        2:   41:                        grid[i][insertPosition] = grid[i][j];
        2:   42:                        grid[i][j] = 0;
        2:   43:                    }
        5:   44:                    insertPosition++;
        -:   45:                }
        9:   46:            }
       16:   47:        }
        4:   48:    }
        1:   49:}
        -:   50:
        -:   51:// Function to slide tiles to the left
        1:   52:void slideLeft() {
        5:   53:    for (int i = 0; i < GRID_SIZE; i++) {
        4:   54:        int insertPosition = 0;
       20:   55:        for (int j = 0; j < GRID_SIZE; j++) {
       16:   56:            if (grid[i][j] != 0) {
        7:   57:                grid[i][insertPosition++] = grid[i][j];
        7:   58:            }
       16:   59:        }
       13:   60:        while (insertPosition < GRID_SIZE) {
        9:   61:            grid[i][insertPosition++] = 0;
        -:   62:        }
        4:   63:    }
        1:   64:}
        -:   65:
        -:   66:// Function to test the combining tiles method
        1:   67:void testCombineTiles() {
        1:   68:    printf("Testing Combine Tiles...\n");
        -:   69:
        1:   70:    int testGrid[4][4] = {
        -:   71:        {2, 2, 0, 0},
        -:   72:        {4, 4, 4, 4},
        -:   73:        {8, 0, 8, 8},
        -:   74:        {0, 0, 0, 0}
        -:   75:    };
        1:   76:    int expectedGrid[4][4] = {
        -:   77:        {4, 0, 0, 0},
        -:   78:        {8, 8, 0, 0},
        -:   79:        {16, 8, 0, 0},
        -:   80:        {0, 0, 0, 0}
        -:   81:    };
        -:   82:
        1:   83:    copyGrid(testGrid);
        -:   84:
        1:   85:    printf("Grid Before Combine:\n");
        1:   86:    printGrid();
        -:   87:
        1:   88:    combineLeft();
        -:   89:
        1:   90:    printf("Grid After Combine:\n");
        1:   91:    printGrid();
        -:   92:
        5:   93:    for (int i = 0; i < GRID_SIZE; i++) {
       20:   94:        for (int j = 0; j < GRID_SIZE; j++) {
       16:   95:            if (grid[i][j] != expectedGrid[i][j]) {
    #####:   96:                printf("Mismatch at [%d][%d]: Expected %d, Got %d\n",
    #####:   97:                       i, j, expectedGrid[i][j], grid[i][j]);
    #####:   98:            }
       16:   99:            assert(grid[i][j] == expectedGrid[i][j]);
       16:  100:        }
        4:  101:    }
        1:  102:    printf("Combine Tiles Test Passed.\n");
        1:  103:}
        -:  104:
        -:  105:// Function to test the sliding tiles method
        1:  106:void testSlideTiles() {
        1:  107:    printf("Testing Slide Tiles...\n");
        -:  108:
        1:  109:    int testGrid[4][4] = {
        -:  110:        {2, 0, 2, 4},
        -:  111:        {0, 4, 0, 4},
        -:  112:        {8, 0, 8, 0},
        -:  113:        {0, 0, 0, 0}
        -:  114:    };
        1:  115:    int expectedGrid[4][4] = {
        -:  116:        {2, 2, 4, 0},
        -:  117:        {4, 4, 0, 0},
        -:  118:        {8, 8, 0, 0},
        -:  119:        {0, 0, 0, 0}
        -:  120:    };
        -:  121:
        1:  122:    copyGrid(testGrid);
        -:  123:
        1:  124:    printf("Grid Before Slide:\n");
        1:  125:    printGrid();
        -:  126:
        1:  127:    slideLeft();
        -:  128:
        1:  129:    printf("Grid After Slide:\n");
        1:  130:    printGrid();
        -:  131:
        5:  132:    for (int i = 0; i < GRID_SIZE; i++) {
       20:  133:        for (int j = 0; j < GRID_SIZE; j++) {
       16:  134:            if (grid[i][j] != expectedGrid[i][j]) {
    #####:  135:                printf("Mismatch at [%d][%d]: Expected %d, Got %d\n",
    #####:  136:                       i, j, expectedGrid[i][j], grid[i][j]);
    #####:  137:            }
       16:  138:            assert(grid[i][j] == expectedGrid[i][j]);
       16:  139:        }
        4:  140:    }
        1:  141:    printf("Slide Tiles Test Passed.\n");
        1:  142:}
        -:  143:
        1:  144:int main() {
        -:  145:    // Run test cases
        1:  146:    testCombineTiles();
        1:  147:    testSlideTiles();
        -:  148:
        1:  149:    return 0;
        -:  150:}
